<?xml version="1.0" encoding="UTF-8"?>
<!-- Generated by org.testng.reporters.JUnitReportReporter -->
<testsuite skipped="0" hostname="NZNCGUVCPXQM2UF" name="lidai.sh.a.XB" tests="3" failures="0" timestamp="20 十月 2019 01:58:42 GMT" time="22.162" errors="0">
  <testcase name="A" time="8.781" classname="lidai.sh.a.XB"/>
  <testcase name="B" time="8.729" classname="lidai.sh.a.XB"/>
  <testcase name="C" time="4.652" classname="lidai.sh.a.XB"/>
</testsuite> <!-- lidai.sh.a.XB -->
