<?xml version="1.0" encoding="UTF-8"?>
<!-- Generated by org.testng.reporters.JUnitReportReporter -->
<testsuite skipped="0" hostname="NZNCGUVCPXQM2UF" name="lidai.sh.LoginTest" tests="1" failures="0" timestamp="29 十月 2019 15:01:27 GMT" time="25.744" errors="0">
  <testcase name="f" time="25.744" classname="lidai.sh.LoginTest"/>
</testsuite> <!-- lidai.sh.LoginTest -->
