<?xml version="1.0" encoding="UTF-8"?>
<!-- Generated by org.testng.reporters.JUnitReportReporter -->
<testsuite skipped="0" hostname="NZNCGUVCPXQM2UF" name="lidai.sh.d.Xbtest" tests="4" failures="0" timestamp="29 十月 2019 15:51:31 GMT" time="0.084" errors="0">
  <testcase name="xb" time="0.080" classname="lidai.sh.d.Xbtest"/>
  <testcase name="A" time="0.002" classname="lidai.sh.d.Xbtest"/>
  <testcase name="B" time="0.001" classname="lidai.sh.d.Xbtest"/>
  <testcase name="C" time="0.001" classname="lidai.sh.d.Xbtest"/>
</testsuite> <!-- lidai.sh.d.Xbtest -->
