<?xml version="1.0" encoding="UTF-8"?>
<!-- Generated by org.testng.reporters.JUnitReportReporter -->
<testsuite skipped="1" hostname="NZNCGUVCPXQM2UF" name="test.NewTest" tests="3" failures="0" timestamp="26 七月 2019 02:14:24 GMT" time="199.927" errors="0">
  <testcase name="tsdj_Zsdj" time="180.783" classname="test.NewTest"/>
  <testcase name="beforeMethod" time="19.144" classname="test.NewTest"/>
  <testcase name="zxdj" classname="test.NewTest">
    <skipped/>
  </testcase> <!-- zxdj -->
</testsuite> <!-- test.NewTest -->
