<?xml version="1.0" encoding="UTF-8"?>
<!-- Generated by org.testng.reporters.JUnitReportReporter -->
<testsuite skipped="0" hostname="NZNCGUVCPXQM2UF" name="lidai.sh.c.XB" tests="1" failures="0" timestamp="20 十月 2019 11:36:19 GMT" time="13.281" errors="0">
  <testcase name="A" time="13.281" classname="lidai.sh.c.XB"/>
</testsuite> <!-- lidai.sh.c.XB -->
